  main.cpp
C:\Users\auden\Desktop\JNCPPNET\MK1-VNN\cstmlib\matrix.h(63,29): error C2131: expression did not evaluate to a constant
C:\Program Files (x86)\Microsoft Visual Studio\2019\Community\VC\Tools\MSVC\14.25.28610\include\initializer_list(47,36): message : failure was caused by a read of a variable outside its lifetime
C:\Program Files (x86)\Microsoft Visual Studio\2019\Community\VC\Tools\MSVC\14.25.28610\include\initializer_list(47,36): message : see usage of 'init_list'
C:\Users\auden\Desktop\JNCPPNET\MK1-VNN\cstmlib\matrix.h(64,14): error C2672: 'std::copy': no matching overloaded function found
C:\Users\auden\Desktop\JNCPPNET\MK1-VNN\cstmlib\matrix.h(64,1): error C2893: Failed to specialize function template '_OutIt std::copy(_InIt,_InIt,_OutIt)'
C:\Program Files (x86)\Microsoft Visual Studio\2019\Community\VC\Tools\MSVC\14.25.28610\include\xutility(3638): message : see declaration of 'std::copy'
C:\Users\auden\Desktop\JNCPPNET\MK1-VNN\cstmlib\matrix.h(64,1): message : With the following template arguments:
C:\Users\auden\Desktop\JNCPPNET\MK1-VNN\cstmlib\matrix.h(64,1): message : '_InIt=const _Elem *'
C:\Users\auden\Desktop\JNCPPNET\MK1-VNN\cstmlib\matrix.h(64,1): message : '_OutIt=int ['function']'
C:\Users\auden\Desktop\JNCPPNET\MK1-VNN\cstmlib\matrix.h(93,29): error C2131: expression did not evaluate to a constant
C:\Program Files (x86)\Microsoft Visual Studio\2019\Community\VC\Tools\MSVC\14.25.28610\include\initializer_list(47,36): message : failure was caused by a read of a variable outside its lifetime
C:\Program Files (x86)\Microsoft Visual Studio\2019\Community\VC\Tools\MSVC\14.25.28610\include\initializer_list(47,36): message : see usage of 'init_list'
C:\Users\auden\Desktop\JNCPPNET\MK1-VNN\cstmlib\matrix.h(94,14): error C2672: 'std::copy': no matching overloaded function found
C:\Users\auden\Desktop\JNCPPNET\MK1-VNN\cstmlib\matrix.h(94,1): error C2893: Failed to specialize function template '_OutIt std::copy(_InIt,_InIt,_OutIt)'
C:\Program Files (x86)\Microsoft Visual Studio\2019\Community\VC\Tools\MSVC\14.25.28610\include\xutility(3638): message : see declaration of 'std::copy'
C:\Users\auden\Desktop\JNCPPNET\MK1-VNN\cstmlib\matrix.h(94,1): message : With the following template arguments:
C:\Users\auden\Desktop\JNCPPNET\MK1-VNN\cstmlib\matrix.h(94,1): message : '_InIt=const _Elem *'
C:\Users\auden\Desktop\JNCPPNET\MK1-VNN\cstmlib\matrix.h(94,1): message : '_OutIt=int ['function']'
C:\Users\auden\Desktop\JNCPPNET\MK1-VNN\cstmlib\matrix.h(100,31): warning C4018: '<': signed/unsigned mismatch
C:\Users\auden\Desktop\JNCPPNET\MK1-VNN\cstmlib\matrix.h(106,34): warning C4018: '>=': signed/unsigned mismatch
C:\Users\auden\Desktop\JNCPPNET\MK1-VNN\cstmlib\matrix.h(111,31): warning C4018: '<': signed/unsigned mismatch
C:\Users\auden\Desktop\JNCPPNET\MK1-VNN\cstmlib\matrix.h(146,29): error C2131: expression did not evaluate to a constant
C:\Program Files (x86)\Microsoft Visual Studio\2019\Community\VC\Tools\MSVC\14.25.28610\include\initializer_list(47,36): message : failure was caused by a read of a variable outside its lifetime
C:\Program Files (x86)\Microsoft Visual Studio\2019\Community\VC\Tools\MSVC\14.25.28610\include\initializer_list(47,36): message : see usage of 'init_list'
C:\Users\auden\Desktop\JNCPPNET\MK1-VNN\cstmlib\matrix.h(147,14): error C2672: 'std::copy': no matching overloaded function found
C:\Users\auden\Desktop\JNCPPNET\MK1-VNN\cstmlib\matrix.h(147,1): error C2893: Failed to specialize function template '_OutIt std::copy(_InIt,_InIt,_OutIt)'
C:\Program Files (x86)\Microsoft Visual Studio\2019\Community\VC\Tools\MSVC\14.25.28610\include\xutility(3638): message : see declaration of 'std::copy'
C:\Users\auden\Desktop\JNCPPNET\MK1-VNN\cstmlib\matrix.h(147,1): message : With the following template arguments:
C:\Users\auden\Desktop\JNCPPNET\MK1-VNN\cstmlib\matrix.h(147,1): message : '_InIt=const _Elem *'
C:\Users\auden\Desktop\JNCPPNET\MK1-VNN\cstmlib\matrix.h(147,1): message : '_OutIt=int ['function']'
C:\Users\auden\Desktop\JNCPPNET\MK1-VNN\src\DNN.h(206,23): warning C4018: '<': signed/unsigned mismatch
C:\Users\auden\Desktop\JNCPPNET\MK1-VNN\src\DNN.h(211,24): warning C4018: '<': signed/unsigned mismatch
C:\Users\auden\Desktop\JNCPPNET\MK1-VNN\src\DNN.h(216,24): warning C4018: '<': signed/unsigned mismatch
C:\Users\auden\Desktop\JNCPPNET\MK1-VNN\src\DNN.h(221,23): warning C4018: '<': signed/unsigned mismatch
C:\Users\auden\Desktop\JNCPPNET\MK1-VNN\src\DNN.h(222,39): warning C4244: 'argument': conversion from 'int' to 'float', possible loss of data
C:\Users\auden\Desktop\JNCPPNET\MK1-VNN\src\DNN.h(223,36): warning C4244: 'argument': conversion from 'int' to 'float', possible loss of data
